<?xml version="1.0" encoding="UTF-8"?>
<!-- Generated by org.testng.reporters.JUnitReportReporter -->
<testsuite hostname="EDGE-LEN60-LAB" failures="0" tests="3" name="TestRunner.CucumberTestRunnerTags" time="0.017" errors="0" timestamp="2024-08-14T15:31:49 BST" skipped="0">
  <testcase classname="TestRunner.CucumberTestRunnerTags" name="runScenario" time="0.008"/>
  <testcase classname="TestRunner.CucumberTestRunnerTags" name="runScenario" time="0.004"/>
  <testcase classname="TestRunner.CucumberTestRunnerTags" name="runScenario" time="0.005"/>
</testsuite> <!-- TestRunner.CucumberTestRunnerTags -->
