<?xml version="1.0" encoding="UTF-8"?>
<!-- Generated by org.testng.reporters.JUnitReportReporter -->
<testsuite hostname="EDGE-LEN60-LAB" failures="0" tests="2" name="TestRunner.CucumberTestRunnerBackground" time="6.264" errors="0" timestamp="2024-08-14T15:31:49 BST" skipped="0">
  <testcase classname="TestRunner.CucumberTestRunnerBackground" name="runScenario" time="2.987"/>
  <testcase classname="TestRunner.CucumberTestRunnerBackground" name="runScenario" time="3.277"/>
</testsuite> <!-- TestRunner.CucumberTestRunnerBackground -->
