<?xml version="1.0" encoding="UTF-8"?>
<!-- Generated by org.testng.reporters.JUnitReportReporter -->
<testsuite hostname="EDGE-LEN60-LAB" failures="0" tests="2" name="TestRunner.CucumberTestRunner" time="8.546" errors="0" timestamp="2024-08-14T15:31:49 BST" skipped="0">
  <testcase classname="TestRunner.CucumberTestRunner" name="runScenario" time="2.938"/>
  <testcase classname="TestRunner.CucumberTestRunner" name="runScenario" time="5.608"/>
</testsuite> <!-- TestRunner.CucumberTestRunner -->
