<?xml version="1.0" encoding="UTF-8"?>
<!-- Generated by org.testng.reporters.JUnitReportReporter -->
<testsuite hostname="EDGE-LEN60-LAB" failures="0" tests="2" name="TestRunner.CucumberTestRunnerBackground" time="6.379" errors="0" timestamp="2024-08-13T00:31:45 BST" skipped="0">
  <testcase classname="TestRunner.CucumberTestRunnerBackground" name="runScenario" time="2.775"/>
  <testcase classname="TestRunner.CucumberTestRunnerBackground" name="runScenario" time="3.604"/>
</testsuite> <!-- TestRunner.CucumberTestRunnerBackground -->
