<?xml version="1.0" encoding="UTF-8"?>
<!-- Generated by org.testng.reporters.JUnitReportReporter -->
<testsuite hostname="EDGE-LEN60-LAB" failures="0" tests="3" name="TestRunner.CucumberTestRunnerTags" time="0.122" errors="0" timestamp="2024-08-13T00:37:35 BST" skipped="0">
  <testcase classname="TestRunner.CucumberTestRunnerTags" name="runScenario" time="0.018"/>
  <testcase classname="TestRunner.CucumberTestRunnerTags" name="runScenario" time="0.096"/>
  <testcase classname="TestRunner.CucumberTestRunnerTags" name="runScenario" time="0.008"/>
</testsuite> <!-- TestRunner.CucumberTestRunnerTags -->
