<?xml version="1.0" encoding="UTF-8"?>
<!-- Generated by org.testng.reporters.JUnitReportReporter -->
<testsuite hostname="EDGE-LEN60-LAB" failures="0" tests="5" name="TestRunner.CucumberTestRunner" time="19.924" errors="0" timestamp="2024-08-13T00:56:32 BST" skipped="0">
  <testcase classname="TestRunner.CucumberTestRunner" name="runScenario" time="2.649"/>
  <testcase classname="TestRunner.CucumberTestRunner" name="runScenario" time="4.725"/>
  <testcase classname="TestRunner.CucumberTestRunner" name="runScenario" time="2.530"/>
  <testcase classname="TestRunner.CucumberTestRunner" name="runScenario" time="2.577"/>
  <testcase classname="TestRunner.CucumberTestRunner" name="runScenario" time="7.443"/>
</testsuite> <!-- TestRunner.CucumberTestRunner -->
